app/build/outputs/logs/manifest-merger-debug-report.txt
-- Merging decision tree log ---
manifest
ADDED from src/main/AndroidManifest.xml:2:1-23:12
	xmlns:android
		ADDED from src/main/AndroidManifest.xml:2:11-69
	package
		ADDED from src/main/AndroidManifest.xml:3:11-49
		INJECTED from src/main/AndroidManifest.xml
		INJECTED from src/main/AndroidManifest.xml
	android:versionName
		ADDED from src/main/AndroidManifest.xml:5:11-36
	android:versionCode
		ADDED from src/main/AndroidManifest.xml:4:11-34
		INJECTED from src/main/AndroidManifest.xml
		INJECTED from src/main/AndroidManifest.xml
uses-sdk
ADDED from src/main/AndroidManifest.xml:6:5-43
	android:targetSdkVersion
		INJECTED from src/main/AndroidManifest.xml
		INJECTED from src/main/AndroidManifest.xml
	android:minSdkVersion
		ADDED from src/main/AndroidManifest.xml:6:15-41
		INJECTED from src/main/AndroidManifest.xml
		INJECTED from src/main/AndroidManifest.xml
application
ADDED from src/main/AndroidManifest.xml:7:5-22:19
	android:label
		ADDED from src/main/AndroidManifest.xml:9:9-41
	android:icon
		ADDED from src/main/AndroidManifest.xml:10:9-45
	android:name
		ADDED from src/main/AndroidManifest.xml:8:9-38
activity#com.example.AnimationExample.FirstActivity
ADDED from src/main/AndroidManifest.xml:11:9-17:20
	android:theme
		ADDED from src/main/AndroidManifest.xml:12:17-64
	android:name
		ADDED from src/main/AndroidManifest.xml:11:19-48
intent-filter#android.intent.action.MAIN+android.intent.category.LAUNCHER
ADDED from src/main/AndroidManifest.xml:13:13-16:29
action#android.intent.action.MAIN
ADDED from src/main/AndroidManifest.xml:14:17-68
	android:name
		ADDED from src/main/AndroidManifest.xml:14:25-66
category#android.intent.category.LAUNCHER
ADDED from src/main/AndroidManifest.xml:15:17-76
	android:name
		ADDED from src/main/AndroidManifest.xml:15:27-74
activity#com.example.AnimationExample.SecondActivity
ADDED from src/main/AndroidManifest.xml:18:9-19:68
	android:theme
		ADDED from src/main/AndroidManifest.xml:19:19-66
	android:name
		ADDED from src/main/AndroidManifest.xml:18:19-49
activity#com.example.AnimationExample.ThirdActivity
ADDED from src/main/AndroidManifest.xml:20:9-21:55
	android:theme
		ADDED from src/main/AndroidManifest.xml:21:19-53
	android:name
		ADDED from src/main/AndroidManifest.xml:20:19-48